2018-08-28 19:04:23.336527: I tensorflow/core/platform/cpu_feature_guard.cc:141] Your CPU supports instructions that this TensorFlow binary was not compiled to use: AVX2 FMA
2018-08-28 19:04:23.764910: I tensorflow/core/common_runtime/gpu/gpu_device.cc:1405] Found device 0 with properties: 
name: Tesla V100-PCIE-16GB major: 7 minor: 0 memoryClockRate(GHz): 1.38
pciBusID: 0000:02:00.0
totalMemory: 15.78GiB freeMemory: 15.37GiB
2018-08-28 19:04:23.764952: I tensorflow/core/common_runtime/gpu/gpu_device.cc:1484] Adding visible gpu devices: 0
2018-08-28 19:04:26.022556: I tensorflow/core/common_runtime/gpu/gpu_device.cc:965] Device interconnect StreamExecutor with strength 1 edge matrix:
2018-08-28 19:04:26.022601: I tensorflow/core/common_runtime/gpu/gpu_device.cc:971]      0 
2018-08-28 19:04:26.022608: I tensorflow/core/common_runtime/gpu/gpu_device.cc:984] 0:   N 
2018-08-28 19:04:26.022934: I tensorflow/core/common_runtime/gpu/gpu_device.cc:1097] Created TensorFlow device (/job:localhost/replica:0/task:0/device:GPU:0 with 14871 MB memory) -> physical GPU (device: 0, name: Tesla V100-PCIE-16GB, pci bus id: 0000:02:00.0, compute capability: 7.0)
INFO:tensorflow:global step 0: loss: 3.1924 (8.29 sec/step)
INFO:tensorflow:global step 1: loss: 3.2489 (0.28 sec/step)
INFO:tensorflow:global step 2: loss: 3.1891 (0.28 sec/step)
INFO:tensorflow:global step 3: loss: 3.1778 (0.84 sec/step)
INFO:tensorflow:global step 4: loss: 3.1244 (0.91 sec/step)
INFO:tensorflow:global step 5: loss: 3.1522 (2.10 sec/step)
INFO:tensorflow:global step 6: loss: 3.1473 (0.91 sec/step)
INFO:tensorflow:global step 7: loss: 3.2604 (0.90 sec/step)
INFO:tensorflow:global step 8: loss: 3.1843 (2.28 sec/step)
INFO:tensorflow:global step 9: loss: 3.1504 (0.93 sec/step)
INFO:tensorflow:global step 10: loss: 3.1966 (0.86 sec/step)
INFO:tensorflow:global step 11: loss: 3.1566 (0.91 sec/step)
INFO:tensorflow:global step 12: loss: 3.2167 (0.93 sec/step)
INFO:tensorflow:global step 13: loss: 3.0887 (2.18 sec/step)
INFO:tensorflow:global step 14: loss: 3.2252 (0.94 sec/step)
INFO:tensorflow:global step 15: loss: 3.1885 (0.93 sec/step)
INFO:tensorflow:global step 16: loss: 3.1411 (2.12 sec/step)
INFO:tensorflow:global step 17: loss: 3.2138 (0.94 sec/step)
INFO:tensorflow:global step 18: loss: 3.1652 (0.89 sec/step)
INFO:tensorflow:global step 19: loss: 3.1998 (2.13 sec/step)
INFO:tensorflow:global step 20: loss: 3.1306 (0.91 sec/step)
INFO:tensorflow:global step 21: loss: 3.0927 (1.96 sec/step)
INFO:tensorflow:global step 22: loss: 3.1786 (0.91 sec/step)
INFO:tensorflow:global step 23: loss: 3.1444 (0.86 sec/step)
INFO:tensorflow:global step 24: loss: 3.1552 (2.98 sec/step)
INFO:tensorflow:global step 25: loss: 3.1141 (0.85 sec/step)
INFO:tensorflow:global step 26: loss: 3.1722 (0.86 sec/step)
INFO:tensorflow:global step 27: loss: 3.2198 (2.19 sec/step)
INFO:tensorflow:global step 28: loss: 3.1859 (0.86 sec/step)
INFO:tensorflow:global step 29: loss: 3.1648 (0.89 sec/step)
INFO:tensorflow:global step 30: loss: 3.2094 (2.48 sec/step)
INFO:tensorflow:global step 31: loss: 3.1656 (0.98 sec/step)
INFO:tensorflow:global step 32: loss: 3.1849 (2.03 sec/step)
INFO:tensorflow:global step 33: loss: 3.1153 (0.94 sec/step)
INFO:tensorflow:global step 34: loss: 3.1653 (0.90 sec/step)
INFO:tensorflow:global step 35: loss: 3.1203 (1.97 sec/step)
INFO:tensorflow:global step 36: loss: 3.1424 (0.84 sec/step)
INFO:tensorflow:global step 37: loss: 3.2154 (0.88 sec/step)
INFO:tensorflow:global step 38: loss: 3.1903 (2.30 sec/step)
INFO:tensorflow:global step 39: loss: 3.1396 (0.97 sec/step)
INFO:tensorflow:global step 40: loss: 3.1569 (0.84 sec/step)
INFO:tensorflow:global step 41: loss: 3.0957 (0.84 sec/step)
INFO:tensorflow:global step 42: loss: 3.2172 (0.90 sec/step)
INFO:tensorflow:global step 43: loss: 3.1041 (2.05 sec/step)
INFO:tensorflow:global step 44: loss: 3.1843 (0.91 sec/step)
INFO:tensorflow:global step 45: loss: 3.0636 (0.88 sec/step)
INFO:tensorflow:global step 46: loss: 3.1993 (2.00 sec/step)
INFO:tensorflow:global step 47: loss: 3.1518 (0.93 sec/step)
INFO:tensorflow:global step 48: loss: 3.1393 (0.92 sec/step)
INFO:tensorflow:global step 49: loss: 3.1496 (2.45 sec/step)
INFO:tensorflow:global step 50: loss: 3.0949 (0.93 sec/step)
INFO:tensorflow:global step 51: loss: 3.1556 (1.98 sec/step)
INFO:tensorflow:global step 52: loss: 3.1605 (0.84 sec/step)
INFO:tensorflow:global step 53: loss: 3.1488 (0.87 sec/step)
INFO:tensorflow:global step 54: loss: 3.1338 (1.90 sec/step)
INFO:tensorflow:global step 55: loss: 3.1288 (0.90 sec/step)
INFO:tensorflow:global step 56: loss: 3.1170 (0.92 sec/step)
INFO:tensorflow:global step 57: loss: 3.1631 (2.15 sec/step)
INFO:tensorflow:global step 58: loss: 3.1488 (0.90 sec/step)
INFO:tensorflow:global step 59: loss: 3.1596 (0.88 sec/step)
INFO:tensorflow:global step 60: loss: 3.1153 (2.01 sec/step)
INFO:tensorflow:global step 61: loss: 3.0507 (0.91 sec/step)
INFO:tensorflow:global step 62: loss: 3.1468 (2.98 sec/step)
INFO:tensorflow:global step 63: loss: 3.1652 (0.93 sec/step)
INFO:tensorflow:global step 64: loss: 3.2056 (0.92 sec/step)
INFO:tensorflow:global step 65: loss: 3.1858 (2.05 sec/step)
INFO:tensorflow:global step 66: loss: 3.2262 (0.97 sec/step)
INFO:tensorflow:global step 67: loss: 3.1468 (0.85 sec/step)
INFO:tensorflow:global step 68: loss: 3.1240 (2.15 sec/step)
INFO:tensorflow:global step 69: loss: 3.0993 (0.91 sec/step)
INFO:tensorflow:global step 70: loss: 3.1393 (0.87 sec/step)
INFO:tensorflow:global step 71: loss: 3.0691 (0.79 sec/step)
INFO:tensorflow:global step 72: loss: 3.1378 (0.94 sec/step)
INFO:tensorflow:global step 73: loss: 3.1607 (2.13 sec/step)
INFO:tensorflow:global step 74: loss: 3.0689 (0.96 sec/step)
INFO:tensorflow:global step 75: loss: 3.1299 (0.87 sec/step)
INFO:tensorflow:global step 76: loss: 3.0701 (2.48 sec/step)
INFO:tensorflow:global step 77: loss: 3.0965 (0.95 sec/step)
INFO:tensorflow:global step 78: loss: 3.1068 (0.90 sec/step)
INFO:tensorflow:global step 79: loss: 3.1429 (2.29 sec/step)
INFO:tensorflow:global step 80: loss: 3.1739 (0.92 sec/step)
INFO:tensorflow:global step 81: loss: 3.1060 (2.53 sec/step)
INFO:tensorflow:global step 82: loss: 3.1314 (0.94 sec/step)
INFO:tensorflow:global step 83: loss: 3.1062 (0.94 sec/step)
INFO:tensorflow:global step 84: loss: 3.1049 (2.12 sec/step)
INFO:tensorflow:global step 85: loss: 3.1007 (1.04 sec/step)
INFO:tensorflow:global step 86: loss: 3.0814 (0.96 sec/step)
INFO:tensorflow:global step 87: loss: 3.0825 (2.19 sec/step)
INFO:tensorflow:global step 88: loss: 3.1123 (0.96 sec/step)
INFO:tensorflow:global step 89: loss: 3.0928 (0.90 sec/step)
INFO:tensorflow:global step 90: loss: 3.1682 (2.03 sec/step)
INFO:tensorflow:global step 91: loss: 3.0884 (0.95 sec/step)
INFO:tensorflow:global step 92: loss: 3.1346 (2.03 sec/step)
INFO:tensorflow:global step 93: loss: 3.0974 (0.83 sec/step)
INFO:tensorflow:global step 94: loss: 3.0584 (0.87 sec/step)
INFO:tensorflow:global step 95: loss: 3.1993 (2.30 sec/step)
INFO:tensorflow:global step 96: loss: 3.1386 (0.89 sec/step)
INFO:tensorflow:global step 97: loss: 3.1055 (0.92 sec/step)
INFO:tensorflow:global step 98: loss: 3.0545 (2.30 sec/step)
INFO:tensorflow:global step 99: loss: 3.0776 (0.93 sec/step)
INFO:tensorflow:global step 100: loss: 3.1151 (0.91 sec/step)
INFO:tensorflow:global step 101: loss: 3.0713 (0.90 sec/step)
INFO:tensorflow:global step 102: loss: 3.1081 (0.91 sec/step)
INFO:tensorflow:global step 103: loss: 3.1329 (2.02 sec/step)
INFO:tensorflow:global step 104: loss: 3.1711 (0.89 sec/step)
INFO:tensorflow:global step 105: loss: 3.1287 (0.91 sec/step)
INFO:tensorflow:global step 106: loss: 3.0968 (2.18 sec/step)
INFO:tensorflow:global step 107: loss: 3.1663 (0.93 sec/step)
INFO:tensorflow:global step 108: loss: 3.1330 (0.96 sec/step)
INFO:tensorflow:global step 109: loss: 3.1642 (2.41 sec/step)
INFO:tensorflow:global step 110: loss: 3.1481 (0.94 sec/step)
INFO:tensorflow:global step 111: loss: 3.1013 (1.96 sec/step)
INFO:tensorflow:global step 112: loss: 3.0865 (0.83 sec/step)
INFO:tensorflow:global step 113: loss: 3.0747 (0.87 sec/step)
INFO:tensorflow:global step 114: loss: 3.0763 (2.19 sec/step)
INFO:tensorflow:global step 115: loss: 3.2013 (0.83 sec/step)
INFO:tensorflow:global step 116: loss: 3.1797 (0.87 sec/step)
INFO:tensorflow:global step 117: loss: 3.1364 (2.29 sec/step)
INFO:tensorflow:global step 118: loss: 3.0742 (0.92 sec/step)
INFO:tensorflow:global step 119: loss: 3.1056 (0.92 sec/step)
INFO:tensorflow:global step 120: loss: 3.0861 (1.99 sec/step)
INFO:tensorflow:global step 121: loss: 3.0086 (0.88 sec/step)
INFO:tensorflow:global step 122: loss: 3.0707 (2.62 sec/step)
INFO:tensorflow:global step 123: loss: 3.0913 (0.96 sec/step)
INFO:tensorflow:global step 124: loss: 3.0911 (0.92 sec/step)
INFO:tensorflow:global step 125: loss: 3.1500 (2.40 sec/step)
INFO:tensorflow:global step 126: loss: 3.0557 (0.89 sec/step)
INFO:tensorflow:global step 127: loss: 3.0968 (0.89 sec/step)
INFO:tensorflow:global step 128: loss: 3.1338 (2.30 sec/step)
INFO:tensorflow:global step 129: loss: 3.0764 (0.88 sec/step)
INFO:tensorflow:global step 130: loss: 3.0876 (0.88 sec/step)
INFO:tensorflow:global step 131: loss: 3.1454 (0.94 sec/step)
INFO:tensorflow:global step 132: loss: 3.0748 (0.92 sec/step)
INFO:tensorflow:global step 133: loss: 3.1115 (2.16 sec/step)
INFO:tensorflow:global step 134: loss: 3.1104 (0.89 sec/step)
INFO:tensorflow:global step 135: loss: 3.0796 (0.98 sec/step)
INFO:tensorflow:global step 136: loss: 3.1681 (2.07 sec/step)
INFO:tensorflow:global step 137: loss: 3.0623 (0.93 sec/step)
INFO:tensorflow:global step 138: loss: 3.0548 (0.91 sec/step)
INFO:tensorflow:global step 139: loss: 3.0843 (1.98 sec/step)
INFO:tensorflow:global step 140: loss: 3.0904 (0.92 sec/step)
INFO:tensorflow:global step 141: loss: 3.1051 (2.21 sec/step)
INFO:tensorflow:global step 142: loss: 3.1139 (0.98 sec/step)
INFO:tensorflow:global step 143: loss: 3.1125 (0.88 sec/step)
INFO:tensorflow:global step 144: loss: 3.1163 (2.13 sec/step)
INFO:tensorflow:global step 145: loss: 3.1394 (0.90 sec/step)
INFO:tensorflow:global step 146: loss: 3.0981 (0.91 sec/step)
INFO:tensorflow:global step 147: loss: 3.0574 (2.07 sec/step)
INFO:tensorflow:global step 148: loss: 3.1352 (0.97 sec/step)
INFO:tensorflow:global step 149: loss: 3.0397 (0.96 sec/step)
INFO:tensorflow:global step 150: loss: 3.0443 (2.14 sec/step)
INFO:tensorflow:global step 151: loss: 3.1171 (0.98 sec/step)
INFO:tensorflow:global step 152: loss: 3.0885 (2.02 sec/step)
INFO:tensorflow:global step 153: loss: 3.0650 (0.91 sec/step)
INFO:tensorflow:global step 154: loss: 3.1682 (0.87 sec/step)
INFO:tensorflow:global step 155: loss: 3.0291 (2.06 sec/step)
INFO:tensorflow:global step 156: loss: 3.1037 (0.90 sec/step)
INFO:tensorflow:global step 157: loss: 3.0964 (0.94 sec/step)
INFO:tensorflow:global step 158: loss: 3.0436 (2.11 sec/step)
INFO:tensorflow:global step 159: loss: 3.1672 (1.44 sec/step)
INFO:tensorflow:global step 160: loss: 3.0467 (0.93 sec/step)
INFO:tensorflow:global step 161: loss: 3.0323 (0.91 sec/step)
INFO:tensorflow:global step 162: loss: 3.1242 (0.95 sec/step)
INFO:tensorflow:global step 163: loss: 3.1659 (2.88 sec/step)
INFO:tensorflow:global step 164: loss: 3.1232 (0.91 sec/step)
INFO:tensorflow:global step 165: loss: 3.0818 (0.94 sec/step)
INFO:tensorflow:global step 166: loss: 3.0900 (2.02 sec/step)
INFO:tensorflow:global step 167: loss: 3.1081 (0.88 sec/step)
INFO:tensorflow:global step 168: loss: 3.0799 (0.86 sec/step)
INFO:tensorflow:global step 169: loss: 3.0982 (2.10 sec/step)
INFO:tensorflow:global step 170: loss: 3.0740 (0.90 sec/step)
INFO:tensorflow:global step 171: loss: 3.0937 (2.46 sec/step)
INFO:tensorflow:global step 172: loss: 3.0319 (0.92 sec/step)
INFO:tensorflow:global step 173: loss: 3.0662 (1.20 sec/step)
INFO:tensorflow:global step 174: loss: 3.1189 (2.29 sec/step)
INFO:tensorflow:global step 175: loss: 3.0767 (0.84 sec/step)
INFO:tensorflow:global step 176: loss: 3.0598 (0.93 sec/step)
INFO:tensorflow:global step 177: loss: 3.0262 (2.07 sec/step)
INFO:tensorflow:global step 178: loss: 3.0830 (0.89 sec/step)
INFO:tensorflow:global step 179: loss: 3.0048 (0.92 sec/step)
INFO:tensorflow:global step 180: loss: 2.9944 (2.20 sec/step)
INFO:tensorflow:global step 181: loss: 3.0890 (0.89 sec/step)
INFO:tensorflow:global step 182: loss: 3.0480 (2.05 sec/step)
INFO:tensorflow:global step 183: loss: 3.1198 (0.81 sec/step)
INFO:tensorflow:global step 184: loss: 3.0822 (0.88 sec/step)
INFO:tensorflow:global step 185: loss: 3.0728 (2.45 sec/step)
INFO:tensorflow:global step 186: loss: 3.0603 (0.97 sec/step)
INFO:tensorflow:global step 187: loss: 3.1088 (0.90 sec/step)
INFO:tensorflow:global step 188: loss: 3.0285 (1.96 sec/step)
INFO:tensorflow:global step 189: loss: 3.0491 (0.89 sec/step)
INFO:tensorflow:global step 190: loss: 3.0289 (0.88 sec/step)
INFO:tensorflow:global step 191: loss: 3.0005 (0.88 sec/step)
INFO:tensorflow:global step 192: loss: 3.0812 (0.88 sec/step)
INFO:tensorflow:global step 193: loss: 3.0221 (3.03 sec/step)
INFO:tensorflow:global step 194: loss: 3.0406 (0.92 sec/step)
INFO:tensorflow:global step 195: loss: 3.0446 (0.96 sec/step)
INFO:tensorflow:global step 196: loss: 2.9985 (2.10 sec/step)
INFO:tensorflow:global step 197: loss: 3.1146 (0.92 sec/step)
INFO:tensorflow:global step 198: loss: 3.0126 (0.91 sec/step)
INFO:tensorflow:global step 199: loss: 3.1107 (2.03 sec/step)
INFO:tensorflow:global step 200: loss: 3.0651 (0.92 sec/step)
INFO:tensorflow:global step 201: loss: 3.0282 (2.11 sec/step)
INFO:tensorflow:global step 202: loss: 3.0964 (0.97 sec/step)
INFO:tensorflow:global step 203: loss: 3.0737 (0.89 sec/step)
INFO:tensorflow:global step 204: loss: 3.0027 (1.99 sec/step)
INFO:tensorflow:global step 205: loss: 3.1166 (0.93 sec/step)
INFO:tensorflow:global step 206: loss: 3.0329 (0.88 sec/step)
INFO:tensorflow:global step 207: loss: 3.0159 (2.15 sec/step)
INFO:tensorflow:global step 208: loss: 3.0467 (1.01 sec/step)
INFO:tensorflow:global step 209: loss: 3.0731 (0.96 sec/step)
INFO:tensorflow:global step 210: loss: 3.0977 (2.29 sec/step)
INFO:tensorflow:global step 211: loss: 3.0057 (0.91 sec/step)
INFO:tensorflow:global step 212: loss: 3.0541 (2.34 sec/step)
INFO:tensorflow:global step 213: loss: 3.0752 (0.95 sec/step)
INFO:tensorflow:global step 214: loss: 3.0426 (0.86 sec/step)
INFO:tensorflow:global step 215: loss: 3.0498 (2.28 sec/step)
INFO:tensorflow:global step 216: loss: 3.0304 (0.80 sec/step)
INFO:tensorflow:global step 217: loss: 3.0267 (0.91 sec/step)
INFO:tensorflow:global step 218: loss: 3.0281 (2.07 sec/step)
INFO:tensorflow:global step 219: loss: 3.0568 (0.92 sec/step)
INFO:tensorflow:global step 220: loss: 2.9971 (0.95 sec/step)
INFO:tensorflow:global step 221: loss: 3.0444 (0.89 sec/step)
INFO:tensorflow:global step 222: loss: 2.9812 (0.91 sec/step)
INFO:tensorflow:global step 223: loss: 3.0093 (2.03 sec/step)
INFO:tensorflow:global step 224: loss: 3.0867 (0.93 sec/step)
INFO:tensorflow:global step 225: loss: 3.1111 (0.96 sec/step)
INFO:tensorflow:global step 226: loss: 3.0551 (1.91 sec/step)
INFO:tensorflow:global step 227: loss: 3.0417 (0.91 sec/step)
INFO:tensorflow:global step 228: loss: 3.0868 (0.89 sec/step)
INFO:tensorflow:global step 229: loss: 3.0839 (2.52 sec/step)
INFO:tensorflow:global step 230: loss: 3.0434 (1.33 sec/step)
INFO:tensorflow:global step 231: loss: 3.0699 (3.15 sec/step)
INFO:tensorflow:global step 232: loss: 3.1191 (0.90 sec/step)
INFO:tensorflow:global step 233: loss: 3.0194 (0.85 sec/step)
INFO:tensorflow:global step 234: loss: 3.0390 (2.11 sec/step)
INFO:tensorflow:global step 235: loss: 3.0218 (0.91 sec/step)
INFO:tensorflow:global step 236: loss: 3.0787 (0.87 sec/step)
INFO:tensorflow:global step 237: loss: 3.0963 (2.05 sec/step)
INFO:tensorflow:global step 238: loss: 3.0603 (0.90 sec/step)
INFO:tensorflow:global step 239: loss: 3.0259 (0.90 sec/step)
INFO:tensorflow:global step 240: loss: 3.0758 (2.16 sec/step)
INFO:tensorflow:global step 241: loss: 3.1273 (1.00 sec/step)
INFO:tensorflow:global step 242: loss: 2.9816 (2.11 sec/step)
INFO:tensorflow:global step 243: loss: 3.0869 (0.87 sec/step)
INFO:tensorflow:global step 244: loss: 2.9898 (0.92 sec/step)
INFO:tensorflow:global step 245: loss: 3.0212 (1.89 sec/step)
INFO:tensorflow:global step 246: loss: 3.0078 (0.86 sec/step)
INFO:tensorflow:global step 247: loss: 2.9995 (0.89 sec/step)
INFO:tensorflow:global step 248: loss: 2.9911 (2.30 sec/step)
INFO:tensorflow:global step 249: loss: 3.0335 (0.87 sec/step)
INFO:tensorflow:global step 250: loss: 3.0623 (0.87 sec/step)
INFO:tensorflow:global step 251: loss: 3.0334 (0.90 sec/step)
INFO:tensorflow:global step 252: loss: 3.0304 (0.86 sec/step)
INFO:tensorflow:global step 253: loss: 3.0176 (2.49 sec/step)
INFO:tensorflow:global step 254: loss: 2.9989 (0.85 sec/step)
INFO:tensorflow:global step 255: loss: 3.0664 (0.95 sec/step)
INFO:tensorflow:global step 256: loss: 2.9578 (2.00 sec/step)
INFO:tensorflow:global step 257: loss: 3.0888 (0.92 sec/step)
INFO:tensorflow:global step 258: loss: 3.0807 (0.84 sec/step)
INFO:tensorflow:global step 259: loss: 3.0758 (2.13 sec/step)
INFO:tensorflow:global step 260: loss: 3.0080 (0.85 sec/step)
INFO:tensorflow:global step 261: loss: 3.0261 (2.53 sec/step)
INFO:tensorflow:global step 262: loss: 3.0791 (0.89 sec/step)
INFO:tensorflow:global step 263: loss: 3.0624 (0.87 sec/step)
INFO:tensorflow:global step 264: loss: 3.0502 (2.18 sec/step)
INFO:tensorflow:global step 265: loss: 3.0517 (0.93 sec/step)
INFO:tensorflow:global step 266: loss: 3.0438 (0.85 sec/step)
INFO:tensorflow:global step 267: loss: 2.9894 (2.63 sec/step)
INFO:tensorflow:global step 268: loss: 3.0044 (0.92 sec/step)
INFO:tensorflow:global step 269: loss: 3.0936 (0.96 sec/step)
INFO:tensorflow:global step 270: loss: 3.0149 (2.06 sec/step)
INFO:tensorflow:global step 271: loss: 3.0320 (0.92 sec/step)
INFO:tensorflow:global step 272: loss: 2.9780 (2.10 sec/step)
INFO:tensorflow:global step 273: loss: 2.9685 (0.96 sec/step)
INFO:tensorflow:global step 274: loss: 2.9766 (0.91 sec/step)
INFO:tensorflow:global step 275: loss: 3.0852 (2.05 sec/step)
INFO:tensorflow:global step 276: loss: 3.0504 (0.89 sec/step)
INFO:tensorflow:global step 277: loss: 3.0310 (0.89 sec/step)
INFO:tensorflow:global step 278: loss: 2.9798 (2.22 sec/step)
INFO:tensorflow:global step 279: loss: 3.0310 (0.90 sec/step)
INFO:tensorflow:global step 280: loss: 3.0530 (0.95 sec/step)
INFO:tensorflow:global step 281: loss: 3.0603 (0.89 sec/step)
INFO:tensorflow:global step 282: loss: 3.0610 (0.91 sec/step)
INFO:tensorflow:global step 283: loss: 3.0443 (2.29 sec/step)
INFO:tensorflow:global step 284: loss: 2.9777 (0.93 sec/step)
INFO:tensorflow:global step 285: loss: 3.0515 (0.95 sec/step)
INFO:tensorflow:global step 286: loss: 3.0202 (2.14 sec/step)
INFO:tensorflow:global step 287: loss: 3.0040 (0.91 sec/step)
INFO:tensorflow:global step 288: loss: 3.0803 (0.91 sec/step)
INFO:tensorflow:global step 289: loss: 3.0774 (2.67 sec/step)
INFO:tensorflow:global step 290: loss: 3.0295 (0.90 sec/step)
INFO:tensorflow:global step 291: loss: 3.0571 (2.08 sec/step)
INFO:tensorflow:global step 292: loss: 3.0071 (0.92 sec/step)
INFO:tensorflow:global step 293: loss: 3.0316 (0.85 sec/step)
INFO:tensorflow:global step 294: loss: 3.0432 (2.62 sec/step)
INFO:tensorflow:global step 295: loss: 3.0376 (0.89 sec/step)
INFO:tensorflow:global step 296: loss: 3.0319 (0.92 sec/step)
INFO:tensorflow:global step 297: loss: 2.9778 (2.27 sec/step)
INFO:tensorflow:global step 298: loss: 3.0114 (0.94 sec/step)
INFO:tensorflow:global step 299: loss: 3.0276 (0.86 sec/step)
INFO:tensorflow:global step 300: loss: 3.0329 (2.30 sec/step)
INFO:tensorflow:global step 301: loss: 2.9860 (1.01 sec/step)
INFO:tensorflow:global step 302: loss: 3.0049 (2.22 sec/step)
INFO:tensorflow:global step 303: loss: 2.9815 (0.87 sec/step)
INFO:tensorflow:global step 304: loss: 3.0110 (0.91 sec/step)
INFO:tensorflow:global step 305: loss: 2.9353 (2.05 sec/step)
INFO:tensorflow:global step 306: loss: 3.0166 (0.91 sec/step)
INFO:tensorflow:global step 307: loss: 2.9668 (0.90 sec/step)
INFO:tensorflow:global step 308: loss: 2.9728 (2.21 sec/step)
INFO:tensorflow:global step 309: loss: 3.0201 (0.89 sec/step)
INFO:tensorflow:global step 310: loss: 3.0326 (0.90 sec/step)
INFO:tensorflow:global step 311: loss: 3.0185 (0.85 sec/step)
INFO:tensorflow:global step 312: loss: 3.0020 (0.89 sec/step)
INFO:tensorflow:global step 313: loss: 2.9842 (2.73 sec/step)
INFO:tensorflow:global step 314: loss: 3.0280 (0.94 sec/step)
INFO:tensorflow:global step 315: loss: 3.0350 (0.86 sec/step)
INFO:tensorflow:global step 316: loss: 3.0128 (2.04 sec/step)
INFO:tensorflow:global step 317: loss: 3.0102 (0.90 sec/step)
INFO:tensorflow:global step 318: loss: 2.9466 (0.87 sec/step)
INFO:tensorflow:global step 319: loss: 2.9387 (2.59 sec/step)
INFO:tensorflow:global step 320: loss: 3.0353 (0.90 sec/step)
INFO:tensorflow:global step 321: loss: 3.0462 (2.26 sec/step)
INFO:tensorflow:global step 322: loss: 2.8842 (0.82 sec/step)
INFO:tensorflow:global step 323: loss: 3.1117 (0.84 sec/step)
INFO:tensorflow:global step 324: loss: 2.9376 (2.19 sec/step)
INFO:tensorflow:global step 325: loss: 2.9770 (0.89 sec/step)
INFO:tensorflow:global step 326: loss: 2.9848 (0.96 sec/step)
INFO:tensorflow:global step 327: loss: 3.0161 (2.12 sec/step)
INFO:tensorflow:global step 328: loss: 2.9879 (0.92 sec/step)
INFO:tensorflow:global step 329: loss: 2.9723 (0.89 sec/step)
INFO:tensorflow:global step 330: loss: 3.0186 (2.28 sec/step)
INFO:tensorflow:global step 331: loss: 3.0229 (0.80 sec/step)
INFO:tensorflow:global step 332: loss: 3.0096 (1.86 sec/step)
INFO:tensorflow:global step 333: loss: 2.9862 (0.84 sec/step)
INFO:tensorflow:global step 334: loss: 2.9659 (0.89 sec/step)
INFO:tensorflow:global step 335: loss: 2.9574 (2.08 sec/step)
INFO:tensorflow:global step 336: loss: 2.9844 (0.88 sec/step)
INFO:tensorflow:global step 337: loss: 2.9281 (0.93 sec/step)
INFO:tensorflow:global step 338: loss: 2.9352 (2.03 sec/step)
INFO:tensorflow:global step 339: loss: 2.9645 (0.90 sec/step)
INFO:tensorflow:global step 340: loss: 2.9494 (0.90 sec/step)
INFO:tensorflow:global step 341: loss: 2.9746 (1.02 sec/step)
INFO:tensorflow:global step 342: loss: 3.0069 (0.89 sec/step)
INFO:tensorflow:global step 343: loss: 2.9375 (2.32 sec/step)
INFO:tensorflow:global step 344: loss: 2.9933 (0.93 sec/step)
INFO:tensorflow:global step 345: loss: 2.9700 (1.05 sec/step)
INFO:tensorflow:global step 346: loss: 2.9730 (2.21 sec/step)
INFO:tensorflow:global step 347: loss: 2.9935 (0.94 sec/step)
INFO:tensorflow:global step 348: loss: 2.9511 (0.91 sec/step)
INFO:tensorflow:global step 349: loss: 2.9448 (2.87 sec/step)
INFO:tensorflow:global step 350: loss: 2.9321 (0.96 sec/step)
INFO:tensorflow:global step 351: loss: 2.9780 (2.11 sec/step)
INFO:tensorflow:global step 352: loss: 2.9599 (0.86 sec/step)
INFO:tensorflow:global step 353: loss: 3.0265 (0.95 sec/step)
INFO:tensorflow:global step 354: loss: 2.9868 (2.09 sec/step)
INFO:tensorflow:global step 355: loss: 2.9484 (0.90 sec/step)
INFO:tensorflow:global step 356: loss: 2.9455 (0.84 sec/step)
INFO:tensorflow:global step 357: loss: 2.9324 (2.54 sec/step)
INFO:tensorflow:global step 358: loss: 2.9398 (0.94 sec/step)
INFO:tensorflow:global step 359: loss: 2.9314 (0.95 sec/step)
INFO:tensorflow:global step 360: loss: 2.9212 (2.17 sec/step)
INFO:tensorflow:global step 361: loss: 2.9691 (0.96 sec/step)
INFO:tensorflow:global step 362: loss: 2.9638 (2.31 sec/step)
INFO:tensorflow:global step 363: loss: 2.9549 (0.95 sec/step)
INFO:tensorflow:global step 364: loss: 2.9912 (0.98 sec/step)
INFO:tensorflow:global step 365: loss: 2.9312 (2.19 sec/step)
INFO:tensorflow:global step 366: loss: 2.9266 (0.88 sec/step)
INFO:tensorflow:global step 367: loss: 2.9283 (0.84 sec/step)
INFO:tensorflow:global step 368: loss: 2.8880 (2.03 sec/step)
INFO:tensorflow:global step 369: loss: 3.0144 (0.81 sec/step)
INFO:tensorflow:global step 370: loss: 3.0455 (0.89 sec/step)
INFO:tensorflow:global step 371: loss: 2.9530 (0.92 sec/step)
INFO:tensorflow:global step 372: loss: 2.9519 (0.83 sec/step)
INFO:tensorflow:global step 373: loss: 2.9556 (3.43 sec/step)
INFO:tensorflow:global step 374: loss: 2.9164 (0.89 sec/step)
INFO:tensorflow:global step 375: loss: 2.9572 (0.93 sec/step)
INFO:tensorflow:global step 376: loss: 2.9391 (2.09 sec/step)
INFO:tensorflow:global step 377: loss: 2.9444 (0.90 sec/step)
INFO:tensorflow:global step 378: loss: 2.8675 (0.92 sec/step)
INFO:tensorflow:global step 379: loss: 2.8987 (2.26 sec/step)
INFO:tensorflow:global step 380: loss: 2.9298 (0.90 sec/step)
INFO:tensorflow:global step 381: loss: 2.9293 (3.09 sec/step)
INFO:tensorflow:global step 382: loss: 3.0306 (0.96 sec/step)
INFO:tensorflow:global step 383: loss: 2.9477 (1.04 sec/step)
INFO:tensorflow:global step 384: loss: 3.0167 (2.36 sec/step)
INFO:tensorflow:global step 385: loss: 2.9290 (0.96 sec/step)
INFO:tensorflow:global step 386: loss: 2.9376 (0.91 sec/step)
INFO:tensorflow:global step 387: loss: 2.9823 (2.44 sec/step)
INFO:tensorflow:global step 388: loss: 2.9926 (0.99 sec/step)
INFO:tensorflow:global step 389: loss: 3.0033 (0.97 sec/step)
INFO:tensorflow:global step 390: loss: 2.9574 (2.41 sec/step)
INFO:tensorflow:global step 391: loss: 2.9778 (0.96 sec/step)
INFO:tensorflow:global step 392: loss: 2.9803 (2.34 sec/step)
INFO:tensorflow:global step 393: loss: 2.9597 (0.97 sec/step)
INFO:tensorflow:global step 394: loss: 2.9565 (0.93 sec/step)
INFO:tensorflow:global step 395: loss: 3.0167 (2.21 sec/step)
INFO:tensorflow:global step 396: loss: 2.9263 (0.96 sec/step)
INFO:tensorflow:global step 397: loss: 2.9751 (0.96 sec/step)
INFO:tensorflow:global step 398: loss: 2.9427 (2.27 sec/step)
INFO:tensorflow:global step 399: loss: 2.9278 (0.97 sec/step)
INFO:tensorflow:global step 400: loss: 2.9006 (1.01 sec/step)
INFO:tensorflow:global step 401: loss: 2.9470 (1.00 sec/step)
INFO:tensorflow:global step 402: loss: 2.9410 (0.95 sec/step)
INFO:tensorflow:global step 403: loss: 2.9723 (2.73 sec/step)
INFO:tensorflow:global step 404: loss: 2.9764 (0.90 sec/step)
INFO:tensorflow:global step 405: loss: 2.9779 (0.96 sec/step)
INFO:tensorflow:global step 406: loss: 2.9567 (2.39 sec/step)
INFO:tensorflow:global step 407: loss: 2.9456 (0.98 sec/step)
INFO:tensorflow:global step 408: loss: 2.9623 (0.95 sec/step)
INFO:tensorflow:global step 409: loss: 2.9881 (2.40 sec/step)
INFO:tensorflow:global step 410: loss: 2.9587 (0.88 sec/step)
INFO:tensorflow:global step 411: loss: 2.9404 (2.61 sec/step)
INFO:tensorflow:global step 412: loss: 2.9586 (1.00 sec/step)
INFO:tensorflow:global step 413: loss: 2.8767 (0.93 sec/step)
INFO:tensorflow:global step 414: loss: 2.9643 (2.26 sec/step)
INFO:tensorflow:global step 415: loss: 2.9338 (0.89 sec/step)
INFO:tensorflow:global step 416: loss: 2.9534 (1.14 sec/step)
INFO:tensorflow:global step 417: loss: 2.9751 (2.42 sec/step)
INFO:tensorflow:global step 418: loss: 2.8932 (0.97 sec/step)
INFO:tensorflow:global step 419: loss: 2.9395 (1.06 sec/step)
INFO:tensorflow:global step 420: loss: 2.9308 (3.63 sec/step)
INFO:tensorflow:global step 421: loss: 2.9233 (0.99 sec/step)
INFO:tensorflow:global step 422: loss: 2.9829 (2.59 sec/step)
INFO:tensorflow:global step 423: loss: 2.9371 (1.07 sec/step)
INFO:tensorflow:global step 424: loss: 2.9958 (1.11 sec/step)
INFO:tensorflow:global step 425: loss: 2.9612 (2.76 sec/step)
INFO:tensorflow:global step 426: loss: 2.8825 (1.02 sec/step)
INFO:tensorflow:global step 427: loss: 2.9257 (0.92 sec/step)
INFO:tensorflow:global step 428: loss: 2.9054 (2.64 sec/step)
INFO:tensorflow:global step 429: loss: 2.9459 (0.92 sec/step)
INFO:tensorflow:global step 430: loss: 2.8956 (0.94 sec/step)
INFO:tensorflow:global step 431: loss: 2.9653 (0.97 sec/step)
INFO:tensorflow:global step 432: loss: 2.9575 (0.89 sec/step)
INFO:tensorflow:global step 433: loss: 2.9357 (2.74 sec/step)
INFO:tensorflow:global step 434: loss: 2.8431 (0.92 sec/step)
INFO:tensorflow:global step 435: loss: 2.9263 (0.93 sec/step)
INFO:tensorflow:global step 436: loss: 2.9467 (2.48 sec/step)
INFO:tensorflow:global step 437: loss: 2.9284 (0.99 sec/step)
INFO:tensorflow:global step 438: loss: 2.9308 (1.23 sec/step)
INFO:tensorflow:global step 439: loss: 2.9711 (2.36 sec/step)
INFO:tensorflow:global step 440: loss: 2.9230 (1.00 sec/step)
INFO:tensorflow:global step 441: loss: 2.9797 (2.56 sec/step)
INFO:tensorflow:global step 442: loss: 2.9352 (0.99 sec/step)
INFO:tensorflow:global step 443: loss: 2.9800 (0.97 sec/step)
INFO:tensorflow:global step 444: loss: 2.9400 (3.03 sec/step)
INFO:tensorflow:global step 445: loss: 2.8673 (0.96 sec/step)
INFO:tensorflow:global step 446: loss: 2.9599 (1.15 sec/step)
INFO:tensorflow:global step 447: loss: 2.9255 (2.50 sec/step)
INFO:tensorflow:global step 448: loss: 2.9640 (0.95 sec/step)
INFO:tensorflow:global step 449: loss: 2.9197 (0.90 sec/step)
INFO:tensorflow:global step 450: loss: 2.9599 (3.09 sec/step)
INFO:tensorflow:global step 451: loss: 2.9538 (1.13 sec/step)
INFO:tensorflow:global step 452: loss: 2.9454 (2.61 sec/step)
INFO:tensorflow:global step 453: loss: 2.8753 (1.28 sec/step)
INFO:tensorflow:global step 454: loss: 2.8511 (1.09 sec/step)
INFO:tensorflow:global step 455: loss: 2.9393 (3.19 sec/step)
INFO:tensorflow:global step 456: loss: 2.9276 (1.24 sec/step)
INFO:tensorflow:global step 457: loss: 2.9241 (1.46 sec/step)
INFO:tensorflow:global step 458: loss: 2.9415 (2.63 sec/step)
INFO:tensorflow:global step 459: loss: 2.8859 (0.96 sec/step)
INFO:tensorflow:global step 460: loss: 2.8895 (0.95 sec/step)
INFO:tensorflow:global step 461: loss: 2.9614 (1.04 sec/step)
INFO:tensorflow:global step 462: loss: 2.9070 (0.93 sec/step)
INFO:tensorflow:global step 463: loss: 2.9240 (2.42 sec/step)
INFO:tensorflow:global step 464: loss: 2.9148 (1.05 sec/step)
INFO:tensorflow:global step 465: loss: 2.8945 (1.00 sec/step)
INFO:tensorflow:global step 466: loss: 2.9074 (4.10 sec/step)
INFO:tensorflow:global step 467: loss: 2.8990 (1.11 sec/step)
INFO:tensorflow:global step 468: loss: 2.8737 (1.06 sec/step)
INFO:tensorflow:global step 469: loss: 2.8785 (2.55 sec/step)
INFO:tensorflow:global step 470: loss: 2.9308 (1.02 sec/step)
INFO:tensorflow:global step 471: loss: 2.8734 (2.41 sec/step)
INFO:tensorflow:global step 472: loss: 2.8703 (0.98 sec/step)
INFO:tensorflow:global step 473: loss: 2.8315 (0.98 sec/step)
INFO:tensorflow:global step 474: loss: 2.8569 (2.42 sec/step)
INFO:tensorflow:global step 475: loss: 2.9402 (0.92 sec/step)
INFO:tensorflow:global step 476: loss: 2.9116 (1.08 sec/step)
INFO:tensorflow:global step 477: loss: 2.8975 (2.91 sec/step)
INFO:tensorflow:global step 478: loss: 2.9193 (1.01 sec/step)
INFO:tensorflow:global step 479: loss: 2.9394 (1.03 sec/step)
INFO:tensorflow:global step 480: loss: 2.8818 (3.97 sec/step)
INFO:tensorflow:global step 481: loss: 2.8571 (1.40 sec/step)
INFO:tensorflow:global step 482: loss: 2.9214 (2.36 sec/step)
INFO:tensorflow:global step 483: loss: 2.8179 (0.91 sec/step)
INFO:tensorflow:global step 484: loss: 2.9043 (0.96 sec/step)
INFO:tensorflow:global step 485: loss: 2.8911 (2.14 sec/step)
INFO:tensorflow:global step 486: loss: 2.8924 (0.99 sec/step)
INFO:tensorflow:global step 487: loss: 2.9309 (0.90 sec/step)
INFO:tensorflow:global step 488: loss: 2.8467 (2.34 sec/step)
INFO:tensorflow:global step 489: loss: 2.8611 (0.96 sec/step)
INFO:tensorflow:global step 490: loss: 2.9352 (1.00 sec/step)
INFO:tensorflow:global step 491: loss: 2.9603 (1.15 sec/step)
INFO:tensorflow:global step 492: loss: 2.8551 (1.00 sec/step)
INFO:tensorflow:global step 493: loss: 2.8621 (2.36 sec/step)
INFO:tensorflow:global step 494: loss: 2.8238 (1.00 sec/step)
INFO:tensorflow:global step 495: loss: 2.8220 (0.97 sec/step)
INFO:tensorflow:global step 496: loss: 2.8683 (4.23 sec/step)
INFO:tensorflow:global step 497: loss: 2.9164 (1.69 sec/step)
INFO:tensorflow:global step 498: loss: 2.8381 (1.11 sec/step)
INFO:tensorflow:global step 499: loss: 2.8888 (3.66 sec/step)
INFO:tensorflow:global step 500: loss: 2.8701 (1.20 sec/step)
INFO:tensorflow:global step 501: loss: 2.8517 (2.96 sec/step)
INFO:tensorflow:global step 502: loss: 2.9066 (1.08 sec/step)
INFO:tensorflow:global step 503: loss: 2.9400 (0.99 sec/step)
INFO:tensorflow:global step 504: loss: 2.8951 (2.58 sec/step)
INFO:tensorflow:global step 505: loss: 2.8925 (1.23 sec/step)
INFO:tensorflow:global step 506: loss: 2.8844 (0.97 sec/step)
INFO:tensorflow:global step 507: loss: 2.9037 (2.68 sec/step)
INFO:tensorflow:global step 508: loss: 2.9091 (1.08 sec/step)
INFO:tensorflow:global step 509: loss: 2.8654 (1.08 sec/step)
INFO:tensorflow:global step 510: loss: 2.9002 (2.82 sec/step)
INFO:tensorflow:global step 511: loss: 2.8897 (0.97 sec/step)
INFO:tensorflow:global step 512: loss: 2.8196 (2.77 sec/step)
INFO:tensorflow:global step 513: loss: 2.8304 (0.93 sec/step)
INFO:tensorflow:global step 514: loss: 2.8979 (0.97 sec/step)
INFO:tensorflow:global step 515: loss: 2.8972 (3.04 sec/step)
INFO:tensorflow:global step 516: loss: 2.8970 (1.03 sec/step)
INFO:tensorflow:global step 517: loss: 2.8896 (1.08 sec/step)
INFO:tensorflow:global step 518: loss: 2.8920 (3.86 sec/step)
INFO:tensorflow:global step 519: loss: 2.9216 (1.34 sec/step)
INFO:tensorflow:global step 520: loss: 2.8981 (1.05 sec/step)
INFO:tensorflow:global step 521: loss: 2.9282 (1.69 sec/step)
INFO:tensorflow:global step 522: loss: 2.8836 (1.05 sec/step)
INFO:tensorflow:global step 523: loss: 2.8549 (3.26 sec/step)
INFO:tensorflow:global step 524: loss: 2.9089 (1.02 sec/step)
INFO:tensorflow:global step 525: loss: 2.9331 (1.34 sec/step)
INFO:tensorflow:global step 526: loss: 2.9539 (4.15 sec/step)
INFO:tensorflow:global step 527: loss: 2.9124 (1.37 sec/step)
INFO:tensorflow:global step 528: loss: 2.9085 (1.22 sec/step)
INFO:tensorflow:global step 529: loss: 2.8697 (3.23 sec/step)
INFO:tensorflow:global step 530: loss: 2.9339 (1.15 sec/step)
INFO:tensorflow:global step 531: loss: 2.8601 (3.36 sec/step)
INFO:tensorflow:global step 532: loss: 2.9054 (1.03 sec/step)
INFO:tensorflow:global step 533: loss: 2.9390 (1.21 sec/step)
INFO:tensorflow:global step 534: loss: 2.9266 (4.06 sec/step)
INFO:tensorflow:global step 535: loss: 2.9236 (1.41 sec/step)
INFO:tensorflow:global step 536: loss: 2.9039 (1.07 sec/step)
INFO:tensorflow:global step 537: loss: 2.9523 (4.94 sec/step)
INFO:tensorflow:global step 538: loss: 2.9199 (1.42 sec/step)
INFO:tensorflow:global step 539: loss: 2.9439 (1.33 sec/step)
INFO:tensorflow:global step 540: loss: 2.9239 (4.10 sec/step)
INFO:tensorflow:global step 541: loss: 2.8987 (1.24 sec/step)
INFO:tensorflow:global step 542: loss: 2.9356 (4.91 sec/step)
INFO:tensorflow:global step 543: loss: 2.9022 (1.05 sec/step)
INFO:tensorflow:global step 544: loss: 2.9319 (1.66 sec/step)
INFO:tensorflow:global step 545: loss: 2.8976 (4.57 sec/step)
INFO:tensorflow:global step 546: loss: 2.9001 (1.41 sec/step)
INFO:tensorflow:global step 547: loss: 2.8679 (1.25 sec/step)
INFO:tensorflow:global step 548: loss: 2.8897 (3.93 sec/step)
INFO:tensorflow:global step 549: loss: 2.9044 (1.03 sec/step)
INFO:tensorflow:global step 550: loss: 2.8447 (1.09 sec/step)
INFO:tensorflow:global step 551: loss: 2.8820 (1.27 sec/step)
INFO:tensorflow:global step 552: loss: 2.8972 (1.22 sec/step)
INFO:tensorflow:global step 553: loss: 2.8713 (4.03 sec/step)
INFO:tensorflow:global step 554: loss: 2.9404 (1.36 sec/step)
INFO:tensorflow:global step 555: loss: 2.8975 (1.10 sec/step)
INFO:tensorflow:global step 556: loss: 2.8390 (4.07 sec/step)
INFO:tensorflow:global step 557: loss: 2.8959 (1.53 sec/step)
INFO:tensorflow:global step 558: loss: 2.8502 (1.19 sec/step)
INFO:tensorflow:global step 559: loss: 2.9195 (5.92 sec/step)
INFO:tensorflow:global step 560: loss: 2.9088 (1.79 sec/step)
INFO:tensorflow:global step 561: loss: 2.8622 (4.57 sec/step)
INFO:tensorflow:global step 562: loss: 2.9488 (1.56 sec/step)
INFO:tensorflow:global step 563: loss: 2.9488 (1.16 sec/step)
INFO:tensorflow:global step 564: loss: 2.9004 (5.10 sec/step)
INFO:tensorflow:global step 565: loss: 2.9355 (1.23 sec/step)
INFO:tensorflow:global step 566: loss: 2.9429 (1.76 sec/step)
INFO:tensorflow:global step 567: loss: 2.9074 (3.97 sec/step)
INFO:tensorflow:global step 568: loss: 2.9351 (1.36 sec/step)
INFO:tensorflow:global step 569: loss: 2.9015 (1.10 sec/step)
INFO:tensorflow:global step 570: loss: 2.8741 (5.15 sec/step)
INFO:tensorflow:global step 571: loss: 2.9015 (1.43 sec/step)
INFO:tensorflow:global step 572: loss: 2.9001 (4.65 sec/step)
INFO:tensorflow:global step 573: loss: 2.8703 (1.35 sec/step)
INFO:tensorflow:global step 574: loss: 2.8639 (1.43 sec/step)
INFO:tensorflow:global step 575: loss: 2.9067 (4.06 sec/step)
INFO:tensorflow:global step 576: loss: 2.8019 (1.26 sec/step)
INFO:tensorflow:global step 577: loss: 2.8662 (1.37 sec/step)
INFO:tensorflow:global step 578: loss: 2.8826 (5.49 sec/step)
INFO:tensorflow:global step 579: loss: 2.8784 (1.27 sec/step)
INFO:tensorflow:global step 580: loss: 2.8622 (1.55 sec/step)
INFO:tensorflow:global step 581: loss: 2.8423 (1.60 sec/step)
INFO:tensorflow:global step 582: loss: 2.8850 (1.26 sec/step)
INFO:tensorflow:global step 583: loss: 2.8926 (4.91 sec/step)
INFO:tensorflow:global step 584: loss: 2.8801 (1.24 sec/step)
INFO:tensorflow:global step 585: loss: 2.8767 (1.54 sec/step)
INFO:tensorflow:global step 586: loss: 2.9012 (5.08 sec/step)
INFO:tensorflow:global step 587: loss: 2.8993 (1.39 sec/step)
INFO:tensorflow:global step 588: loss: 2.8938 (1.33 sec/step)
INFO:tensorflow:global step 589: loss: 2.8822 (6.17 sec/step)
INFO:tensorflow:global step 590: loss: 2.8836 (1.36 sec/step)
INFO:tensorflow:global step 591: loss: 2.7790 (4.55 sec/step)
INFO:tensorflow:global step 592: loss: 2.8726 (1.31 sec/step)
INFO:tensorflow:global step 593: loss: 2.9259 (1.29 sec/step)
INFO:tensorflow:global step 594: loss: 2.8536 (4.81 sec/step)
INFO:tensorflow:global step 595: loss: 2.8545 (1.28 sec/step)
INFO:tensorflow:global step 596: loss: 2.8260 (1.20 sec/step)
INFO:tensorflow:global step 597: loss: 2.8241 (5.85 sec/step)
INFO:tensorflow:global step 598: loss: 2.8484 (1.57 sec/step)
INFO:tensorflow:global step 599: loss: 2.8981 (1.75 sec/step)
INFO:tensorflow:global step 600: loss: 2.8971 (5.89 sec/step)
INFO:tensorflow:global step 601: loss: 2.7911 (1.72 sec/step)
INFO:tensorflow:global step 602: loss: 2.8200 (5.07 sec/step)
INFO:tensorflow:global step 603: loss: 2.8410 (1.59 sec/step)
INFO:tensorflow:global step 604: loss: 2.8226 (1.36 sec/step)
INFO:tensorflow:global step 605: loss: 2.9072 (4.82 sec/step)
INFO:tensorflow:global step 606: loss: 2.8076 (1.39 sec/step)
INFO:tensorflow:global step 607: loss: 2.9422 (1.49 sec/step)
INFO:tensorflow:global step 608: loss: 2.8041 (5.04 sec/step)
INFO:tensorflow:global step 609: loss: 2.8267 (1.32 sec/step)
INFO:tensorflow:global step 610: loss: 2.8456 (1.31 sec/step)
INFO:tensorflow:global step 611: loss: 2.8710 (1.60 sec/step)
INFO:tensorflow:global step 612: loss: 2.8330 (1.56 sec/step)
INFO:tensorflow:global step 613: loss: 2.8060 (4.87 sec/step)
INFO:tensorflow:global step 614: loss: 2.8438 (1.17 sec/step)
INFO:tensorflow:global step 615: loss: 2.8973 (1.35 sec/step)
INFO:tensorflow:global step 616: loss: 2.8226 (4.46 sec/step)
INFO:tensorflow:global step 617: loss: 2.8009 (1.30 sec/step)
INFO:tensorflow:global step 618: loss: 2.8224 (1.22 sec/step)
INFO:tensorflow:global step 619: loss: 2.8200 (5.36 sec/step)
INFO:tensorflow:global step 620: loss: 2.8706 (1.42 sec/step)
INFO:tensorflow:global step 621: loss: 2.8717 (6.00 sec/step)
INFO:tensorflow:global step 622: loss: 2.8876 (1.41 sec/step)
INFO:tensorflow:global step 623: loss: 2.8745 (1.43 sec/step)
INFO:tensorflow:global step 624: loss: 2.8808 (5.98 sec/step)
INFO:tensorflow:global step 625: loss: 2.8378 (1.25 sec/step)
INFO:tensorflow:global step 626: loss: 2.8078 (1.51 sec/step)
INFO:tensorflow:global step 627: loss: 2.8586 (5.74 sec/step)
INFO:tensorflow:global step 628: loss: 2.8418 (1.61 sec/step)
INFO:tensorflow:global step 629: loss: 2.8722 (1.79 sec/step)
INFO:tensorflow:global step 630: loss: 2.8511 (6.19 sec/step)
INFO:tensorflow:global step 631: loss: 2.8252 (1.44 sec/step)
INFO:tensorflow:global step 632: loss: 2.8504 (5.80 sec/step)
INFO:tensorflow:global step 633: loss: 2.8286 (1.65 sec/step)
INFO:tensorflow:global step 634: loss: 2.8492 (1.44 sec/step)
INFO:tensorflow:global step 635: loss: 2.7933 (4.79 sec/step)
INFO:tensorflow:global step 636: loss: 2.8324 (1.48 sec/step)
INFO:tensorflow:global step 637: loss: 2.8688 (1.39 sec/step)
INFO:tensorflow:global step 638: loss: 2.8315 (6.13 sec/step)
INFO:tensorflow:global step 639: loss: 2.8097 (1.41 sec/step)
INFO:tensorflow:global step 640: loss: 2.8175 (1.62 sec/step)
INFO:tensorflow:global step 641: loss: 2.8235 (1.47 sec/step)
INFO:tensorflow:global step 642: loss: 2.8160 (1.36 sec/step)
INFO:tensorflow:global step 643: loss: 2.8012 (5.09 sec/step)
INFO:tensorflow:global step 644: loss: 2.7523 (1.65 sec/step)
INFO:tensorflow:global step 645: loss: 2.7793 (1.36 sec/step)
INFO:tensorflow:global step 646: loss: 2.8814 (6.31 sec/step)
INFO:tensorflow:global step 647: loss: 2.8192 (2.04 sec/step)
INFO:tensorflow:global step 648: loss: 2.8356 (1.56 sec/step)
INFO:tensorflow:global step 649: loss: 2.7549 (5.51 sec/step)
INFO:tensorflow:global step 650: loss: 2.8361 (1.65 sec/step)
INFO:tensorflow:global step 651: loss: 2.8437 (5.86 sec/step)
INFO:tensorflow:global step 652: loss: 2.9129 (1.57 sec/step)
INFO:tensorflow:global step 653: loss: 2.8141 (1.41 sec/step)
INFO:tensorflow:global step 654: loss: 2.7959 (5.27 sec/step)
INFO:tensorflow:global step 655: loss: 2.8131 (1.42 sec/step)
INFO:tensorflow:global step 656: loss: 2.8321 (1.56 sec/step)
INFO:tensorflow:global step 657: loss: 2.8576 (6.09 sec/step)
INFO:tensorflow:global step 658: loss: 2.7768 (1.87 sec/step)
INFO:tensorflow:global step 659: loss: 2.8392 (1.40 sec/step)
INFO:tensorflow:global step 660: loss: 2.7762 (4.80 sec/step)
INFO:tensorflow:global step 661: loss: 2.7884 (1.54 sec/step)
INFO:tensorflow:global step 662: loss: 2.8034 (5.58 sec/step)
INFO:tensorflow:global step 663: loss: 2.8196 (1.51 sec/step)
INFO:tensorflow:global step 664: loss: 2.7900 (1.34 sec/step)
INFO:tensorflow:global step 665: loss: 2.8413 (5.77 sec/step)
INFO:tensorflow:global step 666: loss: 2.8055 (1.21 sec/step)
INFO:tensorflow:global step 667: loss: 2.8102 (1.68 sec/step)
INFO:tensorflow:global step 668: loss: 2.8178 (6.31 sec/step)
INFO:tensorflow:global step 669: loss: 2.8621 (1.40 sec/step)
INFO:tensorflow:global step 670: loss: 2.7835 (1.43 sec/step)
INFO:tensorflow:global step 671: loss: 2.7962 (1.71 sec/step)
INFO:tensorflow:global step 672: loss: 2.7993 (2.01 sec/step)
INFO:tensorflow:global step 673: loss: 2.8590 (4.85 sec/step)
INFO:tensorflow:global step 674: loss: 2.7588 (1.57 sec/step)
INFO:tensorflow:global step 675: loss: 2.7333 (1.28 sec/step)
INFO:tensorflow:global step 676: loss: 2.8183 (6.39 sec/step)
INFO:tensorflow:global step 677: loss: 2.8078 (1.56 sec/step)
INFO:tensorflow:global step 678: loss: 2.7765 (1.26 sec/step)
INFO:tensorflow:global step 679: loss: 2.7704 (5.11 sec/step)
INFO:tensorflow:global step 680: loss: 2.7873 (1.45 sec/step)
INFO:tensorflow:global step 681: loss: 2.7816 (6.55 sec/step)
INFO:tensorflow:global step 682: loss: 2.8618 (1.57 sec/step)
INFO:tensorflow:global step 683: loss: 2.8203 (2.15 sec/step)
INFO:tensorflow:global step 684: loss: 2.7513 (6.14 sec/step)
INFO:tensorflow:global step 685: loss: 2.8039 (1.84 sec/step)
INFO:tensorflow:global step 686: loss: 2.7553 (1.43 sec/step)
INFO:tensorflow:global step 687: loss: 2.7836 (6.83 sec/step)
INFO:tensorflow:global step 688: loss: 2.7516 (1.42 sec/step)
INFO:tensorflow:global step 689: loss: 2.7642 (1.40 sec/step)
INFO:tensorflow:global step 690: loss: 2.7885 (6.28 sec/step)
INFO:tensorflow:global step 691: loss: 2.8134 (1.45 sec/step)
INFO:tensorflow:global step 692: loss: 2.7555 (6.40 sec/step)
INFO:tensorflow:global step 693: loss: 2.7687 (1.52 sec/step)
INFO:tensorflow:global step 694: loss: 2.7922 (1.79 sec/step)
INFO:tensorflow:global step 695: loss: 2.8089 (6.83 sec/step)
INFO:tensorflow:global step 696: loss: 2.8071 (1.65 sec/step)
INFO:tensorflow:global step 697: loss: 2.7923 (1.86 sec/step)
INFO:tensorflow:global step 698: loss: 2.7616 (6.68 sec/step)
INFO:tensorflow:global step 699: loss: 2.7100 (1.86 sec/step)
INFO:tensorflow:global step 700: loss: 2.7090 (2.14 sec/step)
INFO:tensorflow:global step 701: loss: 2.7445 (1.51 sec/step)
INFO:tensorflow:global step 702: loss: 2.7739 (1.68 sec/step)
INFO:tensorflow:global step 703: loss: 2.6646 (5.96 sec/step)
INFO:tensorflow:global step 704: loss: 2.7941 (1.42 sec/step)
INFO:tensorflow:global step 705: loss: 2.6918 (2.23 sec/step)
INFO:tensorflow:global step 706: loss: 2.7623 (7.20 sec/step)
INFO:tensorflow:global step 707: loss: 2.8281 (2.15 sec/step)
INFO:tensorflow:global step 708: loss: 2.7194 (1.90 sec/step)
INFO:tensorflow:global step 709: loss: 2.7319 (5.40 sec/step)
INFO:tensorflow:global step 710: loss: 2.8051 (1.44 sec/step)
INFO:tensorflow:global step 711: loss: 2.7334 (6.67 sec/step)
INFO:tensorflow:global step 712: loss: 2.7370 (1.60 sec/step)
INFO:tensorflow:global step 713: loss: 2.7841 (1.52 sec/step)
INFO:tensorflow:global step 714: loss: 2.7032 (5.93 sec/step)
INFO:tensorflow:global step 715: loss: 2.7342 (1.53 sec/step)
INFO:tensorflow:global step 716: loss: 2.6938 (1.39 sec/step)
INFO:tensorflow:global step 717: loss: 2.7116 (5.80 sec/step)
INFO:tensorflow:global step 718: loss: 2.7768 (1.64 sec/step)
INFO:tensorflow:global step 719: loss: 2.8006 (1.37 sec/step)
INFO:tensorflow:global step 720: loss: 2.7475 (7.57 sec/step)
INFO:tensorflow:global step 721: loss: 2.6915 (1.68 sec/step)
INFO:tensorflow:global step 722: loss: 2.7616 (5.81 sec/step)
INFO:tensorflow:global step 723: loss: 2.7486 (1.49 sec/step)
INFO:tensorflow:global step 724: loss: 2.7203 (1.62 sec/step)
INFO:tensorflow:global step 725: loss: 2.7567 (8.63 sec/step)
INFO:tensorflow:global step 726: loss: 2.6798 (1.83 sec/step)
INFO:tensorflow:global step 727: loss: 2.6475 (1.80 sec/step)
INFO:tensorflow:global step 728: loss: 2.7662 (7.76 sec/step)
INFO:tensorflow:global step 729: loss: 2.7288 (1.67 sec/step)
INFO:tensorflow:global step 730: loss: 2.6925 (1.70 sec/step)
INFO:tensorflow:global step 731: loss: 2.7694 (1.52 sec/step)
INFO:tensorflow:global step 732: loss: 2.7015 (1.71 sec/step)
INFO:tensorflow:global step 733: loss: 2.6698 (5.88 sec/step)
INFO:tensorflow:global step 734: loss: 2.6418 (1.76 sec/step)
INFO:tensorflow:global step 735: loss: 2.7108 (1.39 sec/step)
INFO:tensorflow:global step 736: loss: 2.6624 (6.95 sec/step)
INFO:tensorflow:global step 737: loss: 2.7058 (1.79 sec/step)
INFO:tensorflow:global step 738: loss: 2.6852 (1.68 sec/step)
INFO:tensorflow:global step 739: loss: 2.6334 (5.76 sec/step)
INFO:tensorflow:global step 740: loss: 2.7254 (1.59 sec/step)
INFO:tensorflow:global step 741: loss: 2.7231 (6.45 sec/step)
INFO:tensorflow:global step 742: loss: 2.7140 (1.93 sec/step)
INFO:tensorflow:global step 743: loss: 2.7280 (1.54 sec/step)
INFO:tensorflow:global step 744: loss: 2.7009 (7.93 sec/step)
INFO:tensorflow:global step 745: loss: 2.6608 (2.03 sec/step)
INFO:tensorflow:global step 746: loss: 2.6759 (1.46 sec/step)
INFO:tensorflow:global step 747: loss: 2.7609 (6.49 sec/step)
INFO:tensorflow:global step 748: loss: 2.7159 (1.66 sec/step)
INFO:tensorflow:global step 749: loss: 2.7092 (1.50 sec/step)
INFO:tensorflow:global step 750: loss: 2.6845 (6.91 sec/step)
INFO:tensorflow:global step 751: loss: 2.7193 (1.70 sec/step)
INFO:tensorflow:global step 752: loss: 2.7225 (6.63 sec/step)
INFO:tensorflow:global step 753: loss: 2.6428 (1.62 sec/step)
INFO:tensorflow:global step 754: loss: 2.6621 (1.93 sec/step)
INFO:tensorflow:global step 755: loss: 2.6956 (5.17 sec/step)
INFO:tensorflow:global step 756: loss: 2.7159 (2.08 sec/step)
INFO:tensorflow:global step 757: loss: 2.6633 (1.52 sec/step)
INFO:tensorflow:global step 758: loss: 2.6342 (7.77 sec/step)
INFO:tensorflow:global step 759: loss: 2.6781 (1.70 sec/step)
INFO:tensorflow:global step 760: loss: 2.6454 (1.91 sec/step)
INFO:tensorflow:global step 761: loss: 2.6896 (1.85 sec/step)
INFO:tensorflow:global step 762: loss: 2.6708 (1.77 sec/step)
INFO:tensorflow:global step 763: loss: 2.6620 (6.69 sec/step)
INFO:tensorflow:global step 764: loss: 2.6578 (1.47 sec/step)
INFO:tensorflow:global step 765: loss: 2.6156 (2.13 sec/step)
INFO:tensorflow:global step 766: loss: 2.6019 (8.06 sec/step)
INFO:tensorflow:global step 767: loss: 2.5982 (1.59 sec/step)
INFO:tensorflow:global step 768: loss: 2.5659 (2.18 sec/step)
INFO:tensorflow:global step 769: loss: 2.6817 (6.68 sec/step)
INFO:tensorflow:global step 770: loss: 2.6148 (1.48 sec/step)
INFO:tensorflow:global step 771: loss: 2.6806 (6.40 sec/step)
INFO:tensorflow:global step 772: loss: 2.6919 (1.93 sec/step)
INFO:tensorflow:global step 773: loss: 2.6662 (1.59 sec/step)
INFO:tensorflow:global step 774: loss: 2.6873 (7.96 sec/step)
INFO:tensorflow:global step 775: loss: 2.6301 (2.00 sec/step)
INFO:tensorflow:global step 776: loss: 2.6275 (1.69 sec/step)
INFO:tensorflow:global step 777: loss: 2.6512 (6.93 sec/step)
INFO:tensorflow:global step 778: loss: 2.6373 (1.57 sec/step)
INFO:tensorflow:global step 779: loss: 2.6902 (1.72 sec/step)
INFO:tensorflow:global step 780: loss: 2.6503 (6.78 sec/step)
INFO:tensorflow:global step 781: loss: 2.6068 (1.60 sec/step)
INFO:tensorflow:global step 782: loss: 2.6602 (9.06 sec/step)
INFO:tensorflow:global step 783: loss: 2.6146 (1.94 sec/step)
INFO:tensorflow:global step 784: loss: 2.6382 (1.75 sec/step)
INFO:tensorflow:global step 785: loss: 2.6341 (8.11 sec/step)
INFO:tensorflow:global step 786: loss: 2.6435 (1.92 sec/step)
INFO:tensorflow:global step 787: loss: 2.6597 (2.04 sec/step)
INFO:tensorflow:global step 788: loss: 2.6395 (7.29 sec/step)
INFO:tensorflow:global step 789: loss: 2.5934 (1.77 sec/step)
INFO:tensorflow:global step 790: loss: 2.6423 (1.95 sec/step)
INFO:tensorflow:global step 791: loss: 2.5888 (1.98 sec/step)
INFO:tensorflow:global step 792: loss: 2.6191 (1.60 sec/step)
INFO:tensorflow:global step 793: loss: 2.6579 (7.92 sec/step)
INFO:tensorflow:global step 794: loss: 2.6629 (1.94 sec/step)
INFO:tensorflow:global step 795: loss: 2.6122 (2.08 sec/step)
INFO:tensorflow:global step 796: loss: 2.6597 (7.28 sec/step)
INFO:tensorflow:global step 797: loss: 2.6482 (1.83 sec/step)
INFO:tensorflow:global step 798: loss: 2.6442 (1.52 sec/step)
INFO:tensorflow:global step 799: loss: 2.6734 (6.11 sec/step)
INFO:tensorflow:global step 800: loss: 2.6011 (1.71 sec/step)
INFO:tensorflow:global step 801: loss: 2.6086 (6.26 sec/step)
INFO:tensorflow:global step 802: loss: 2.6228 (1.51 sec/step)
INFO:tensorflow:global step 803: loss: 2.5944 (1.31 sec/step)
INFO:tensorflow:global step 804: loss: 2.6045 (6.21 sec/step)
INFO:tensorflow:global step 805: loss: 2.6608 (1.71 sec/step)
INFO:tensorflow:global step 806: loss: 2.6292 (1.65 sec/step)
INFO:tensorflow:global step 807: loss: 2.6296 (6.84 sec/step)
